2025-07-07 19:41:04 | Found matches for 'sample'
2025-07-07 19:41:04 | Backup created: archive_20250707_194104.tar.gz
2025-07-07 19:46:35 | Found matches for 'sample'
2025-07-07 19:46:35 | Backup created: archive_20250707_194635.tar.gz
2025-07-07 19:53:55 | Found matches for 'sample'
2025-07-07 19:53:55 | Backup created: archive_20250707_195355.tar.gz
2025-07-07 19:53:55 | Backup failed
2025-07-07 19:55:02 | Found matches for 'sample'
2025-07-07 19:55:02 | Backup created: archive_20250707_195502.tar.gz
2025-07-07 19:55:02 | Backup failed
2025-07-07 20:00:00 | Found matches for 'sample'
2025-07-07 20:00:00 | Backup created: archive_20250707_200000.tar.gz
2025-07-07 20:00:00 | Backup failed
2025-07-07 20:00:30 | No matches for 'simple'
2025-07-07 20:02:35 | No matches for 'test'
2025-07-07 20:07:36 | No matches for 'test'
2025-07-07 20:07:58 | Found matches for 'sample'
2025-07-07 20:07:58 | Backup created: archive_20250707_200758.tar.gz
2025-07-07 20:07:58 | Backup failed
2025-07-07 20:10:15 | No matches for 'test'
2025-07-07 20:13:04 | Found matches for 'test'
2025-07-07 20:13:04 | Backup created: archive_20250707_201304.tar.gz
2025-07-07 20:13:04 | Backup failed
2025-07-07 20:13:11 | Found matches for 'sample'
2025-07-07 20:14:56 | Found matches for 'test'
2025-07-07 20:14:56 | Backup created: archive_20250707_201456.tar.gz
2025-07-07 20:14:56 | Backup failed
