2025-07-14 11:59:14 | No files found with keyword 'testing'
2025-07-14 12:03:17 | Found matching files for 'testing'
2025-07-14 12:03:17 | Incremental backup saved: backups/incremental-20250714
2025-07-14 12:03:17 | Report created: report.txt
2025-07-14 12:07:23 | Found matching files for 'testing'
2025-07-14 12:07:23 | Incremental backup saved: backups/incremental-20250714
2025-07-14 12:07:23 | Report created: report.txt
2025-07-14 12:45:21 | Found matching files for 'testing'
2025-07-14 12:45:21 | Incremental backup saved: backups/incremental-20250714
2025-07-14 12:45:21 | Report created: report.txt
2025-07-14 12:47:28 | Found matching files for 'testing'
2025-07-14 12:47:28 | Incremental backup saved: backups/incremental-20250714
2025-07-14 12:47:28 | Report created: report.txt
2025-07-14 12:49:23 | Found matching files for 'testing'
2025-07-14 12:49:23 | Incremental backup saved: backups/incremental-20250714
2025-07-14 12:49:23 | Report created: report.txt
2025-07-14 12:54:28 | Found matching files for 'testing'
2025-07-14 12:54:28 | Incremental backup: backups/incremental-20250714
2025-07-14 12:54:28 | Report: report.txt
2025-07-14 13:17:40 | Found matching files for 'testing'
2025-07-14 13:17:40 | Incremental backup: backups/incremental-20250714
2025-07-14 13:17:40 | Report: report.txt
2025-07-14 13:20:34 | Found matching files for 'testing'
2025-07-14 13:20:34 | Incremental backup saved: backups/incremental-20250714
2025-07-14 13:20:34 | Report created: report.txt
2025-07-14 13:26:01 | Found matching files for 'testing'
2025-07-14 13:26:01 | Incremental backup saved: backups/incremental-20250714
2025-07-14 13:26:01 | Report created: report.txt
2025-07-14 13:29:16 | Found matching files for 'testing'
2025-07-14 13:29:16 | Incremental backup saved: backups/incremental-20250714
2025-07-14 13:29:16 | Report created: report.txt
2025-07-14 13:38:16 | Found matching files for 'testing'
2025-07-14 13:38:16 | Incremental backup saved: backups/incremental-20250714
2025-07-14 13:38:16 | Report created: report.txt
2025-07-14 14:09:27 | Found matching files for 'testing'
2025-07-14 14:09:27 | Incremental backup saved: backups/incremental-20250714
2025-07-14 14:09:27 | Report created: report.txt
2025-07-14 14:18:56 | Found matches for 'testing'
2025-07-14 14:18:56 | Tar backup created: archive_20250714_141856.tar.gz
2025-07-14 14:18:56 | Rsync incremental backup: backups/incremental-20250714
2025-07-14 15:26:18 | Found matches for 'testing'
2025-07-14 15:26:18 | Tar backup created: archive_20250714_152618.tar.gz
2025-07-14 15:26:18 | Rsync incremental backup: backups/incremental-20250714
2025-07-14 15:27:42 | Found matches for 'testing'
2025-07-14 15:27:42 | Tar backup created: archive_20250714_152742.tar.gz
2025-07-14 15:27:42 | Rsync incremental backup: backups/incremental-20250714
2025-07-14 16:06:45 | Found matches for 'testing'
2025-07-14 16:06:45 | Tar backup created: archive_20250714_160645.tar.gz
2025-07-14 16:06:45 | Rsync incremental backup: backups/incremental-20250714
2025-07-14 16:11:42 | Found matches for 'testing'
2025-07-14 16:11:42 | Tar backup created: archive_20250714_161142.tar.gz
2025-07-14 16:11:42 | Rsync incremental backup: backups/incremental-20250714
2025-07-14 17:29:27 | Found matches for 'testing'
2025-07-14 17:29:27 | Tar backup created: archive_20250714_172927.tar.gz
2025-07-14 17:29:27 | Rsync incremental backup: backups/incremental-20250714
2025-07-14 17:35:37 | Found matches for 'testing'
2025-07-14 17:35:37 | Tar backup created: archive_20250714_173537.tar.gz
2025-07-14 17:35:37 | Rsync incremental backup: backups/incremental-20250714
2025-07-14 19:40:21 | Found matches for 'testing'
2025-07-14 19:40:21 | Tar backup created: archive_20250714_194021.tar.gz
2025-07-14 19:40:21 | Rsync incremental backup: backups/incremental-20250714
